#
# There is insufficient memory for the Java Runtime Environment to continue.
# Native memory allocation (malloc) failed to allocate 1322096 bytes. Error detail: Chunk::new
# Possible reasons:
#   The system is out of physical RAM or swap space
#   This process is running with CompressedOops enabled, and the Java Heap may be blocking the growth of the native heap
# Possible solutions:
#   Reduce memory load on the system
#   Increase physical memory or swap space
#   Check if swap backing store is full
#   Decrease Java heap size (-Xmx/-Xms)
#   Decrease number of Java threads
#   Decrease Java thread stack sizes (-Xss)
#   Set larger code cache with -XX:ReservedCodeCacheSize=
#   JVM is running with Unscaled Compressed Oops mode in which the Java heap is
#     placed in the first 4GB address space. The Java Heap base address is the
#     maximum limit for the native heap growth. Please use -XX:HeapBaseMinAddress
#     to set the Java Heap base and to place the Java Heap above 4GB virtual address.
# This output file may be truncated or incomplete.
#
#  Out of Memory Error (arena.cpp:150), pid=5680, tid=11516
#
# JRE version: Java(TM) SE Runtime Environment (22.0+36) (build 22+36-2370)
# Java VM: Java HotSpot(TM) 64-Bit Server VM (22+36-2370, mixed mode, sharing, tiered, compressed oops, compressed class ptrs, g1 gc, windows-amd64)
# No core dump will be written. Minidumps are not enabled by default on client versions of Windows
#

---------------  S U M M A R Y ------------

Command Line: -javaagent:C:\Program Files\JetBrains\IntelliJ IDEA Community Edition 2023.3.6\lib\idea_rt.jar=61965:C:\Program Files\JetBrains\IntelliJ IDEA Community Edition 2023.3.6\bin -Dfile.encoding=UTF-8 -Dsun.stdout.encoding=UTF-8 -Dsun.stderr.encoding=UTF-8 com.israr.husain.StaffApplication.StaffApplication

Host: AMD A6-7310 APU with AMD Radeon R4 Graphics    , 4 cores, 3G,  Windows 10 , 64 bit Build 19041 (10.0.19041.1706)
Time: Wed Apr 24 15:28:10 2024 US Eastern Standard Time elapsed time: 29.764839 seconds (0d 0h 0m 29s)

---------------  T H R E A D  ---------------

Current thread (0x000001ffd1906950):  JavaThread "C2 CompilerThread0" daemon [_thread_in_native, id=11516, stack(0x000000e7f6f00000,0x000000e7f7000000) (1024K)]


Current CompileTask:
C2:29765 5356       4       org.springframework.core.ResolvableType::forType (112 bytes)

Stack: [0x000000e7f6f00000,0x000000e7f7000000]
Native frames: (J=compiled Java code, j=interpreted, Vv=VM code, C=native code)
V  [jvm.dll+0x6e2349]  (no source info available)
V  [jvm.dll+0x874ed3]  (no source info available)
V  [jvm.dll+0x8772fe]  (no source info available)
V  [jvm.dll+0x8779d3]  (no source info available)
V  [jvm.dll+0x27fcb6]  (no source info available)
V  [jvm.dll+0xc3d0f]  (no source info available)
V  [jvm.dll+0xc3f6b]  (no source info available)
V  [jvm.dll+0x3bb022]  (no source info available)
V  [jvm.dll+0x387abb]  (no source info available)
V  [jvm.dll+0x386f2a]  (no source info available)
V  [jvm.dll+0x247908]  (no source info available)
V  [jvm.dll+0x246faf]  (no source info available)
V  [jvm.dll+0x1c4e90]  (no source info available)
V  [jvm.dll+0x25699e]  (no source info available)
V  [jvm.dll+0x254c5a]  (no source info available)
V  [jvm.dll+0x3f5426]  (no source info available)
V  [jvm.dll+0x81d50b]  (no source info available)
V  [jvm.dll+0x6e09e5]  (no source info available)
C  [ucrtbase.dll+0x21bb2]  (no source info available)
C  [KERNEL32.DLL+0x17034]  (no source info available)
C  [ntdll.dll+0x52651]  (no source info available)


---------------  P R O C E S S  ---------------

Threads class SMR info:
_java_thread_list=0x0000020019cf9f40, length=29, elements={
0x000001ffd18f7af0, 0x000001ffd18f9a20, 0x000001ffd18fdd80, 0x000001ffd18fe7e0,
0x000001ffd18ff240, 0x000001ffd19020b0, 0x000001ffd1906950, 0x000001ffd1907400,
0x000001ffd1b1a470, 0x0000020017139de0, 0x000002001713a450, 0x0000020018f65170,
0x000002001839b790, 0x0000020018f5c190, 0x00000200185c8600, 0x00000200185c78e0,
0x00000200185c6bc0, 0x00000200185c9320, 0x00000200185c7f70, 0x00000200185c99b0,
0x00000200185c6530, 0x000002001a1fecf0, 0x000002001a201ae0, 0x000002001a1fe660,
0x000002001a200dc0, 0x000002001a201450, 0x000002001a1ffa10, 0x000002001a1ff380,
0x000002001a2000a0
}

Java Threads: ( => current thread )
  0x000001ffd18f7af0 JavaThread "Reference Handler"          daemon [_thread_blocked, id=2200, stack(0x000000e7f6900000,0x000000e7f6a00000) (1024K)]
  0x000001ffd18f9a20 JavaThread "Finalizer"                  daemon [_thread_blocked, id=12372, stack(0x000000e7f6a00000,0x000000e7f6b00000) (1024K)]
  0x000001ffd18fdd80 JavaThread "Signal Dispatcher"          daemon [_thread_blocked, id=8612, stack(0x000000e7f6b00000,0x000000e7f6c00000) (1024K)]
  0x000001ffd18fe7e0 JavaThread "Attach Listener"            daemon [_thread_blocked, id=7988, stack(0x000000e7f6c00000,0x000000e7f6d00000) (1024K)]
  0x000001ffd18ff240 JavaThread "Service Thread"             daemon [_thread_blocked, id=12672, stack(0x000000e7f6d00000,0x000000e7f6e00000) (1024K)]
  0x000001ffd19020b0 JavaThread "Monitor Deflation Thread"   daemon [_thread_blocked, id=11456, stack(0x000000e7f6e00000,0x000000e7f6f00000) (1024K)]
=>0x000001ffd1906950 JavaThread "C2 CompilerThread0"         daemon [_thread_in_native, id=11516, stack(0x000000e7f6f00000,0x000000e7f7000000) (1024K)]
  0x000001ffd1907400 JavaThread "C1 CompilerThread0"         daemon [_thread_blocked, id=1692, stack(0x000000e7f7000000,0x000000e7f7100000) (1024K)]
  0x000001ffd1b1a470 JavaThread "Common-Cleaner"             daemon [_thread_blocked, id=12376, stack(0x000000e7f7100000,0x000000e7f7200000) (1024K)]
  0x0000020017139de0 JavaThread "Monitor Ctrl-Break"         daemon [_thread_in_native, id=7524, stack(0x000000e7f7300000,0x000000e7f7400000) (1024K)]
  0x000002001713a450 JavaThread "Notification Thread"        daemon [_thread_blocked, id=10448, stack(0x000000e7f7400000,0x000000e7f7500000) (1024K)]
  0x0000020018f65170 JavaThread "Catalina-utility-1"                [_thread_blocked, id=12760, stack(0x000000e7f7700000,0x000000e7f7800000) (1024K)]
  0x000002001839b790 JavaThread "Catalina-utility-2"                [_thread_blocked, id=4952, stack(0x000000e7f7800000,0x000000e7f7900000) (1024K)]
  0x0000020018f5c190 JavaThread "container-0"                       [_thread_blocked, id=5700, stack(0x000000e7f7900000,0x000000e7f7a00000) (1024K)]
  0x00000200185c8600 JavaThread "mysql-cj-abandoned-connection-cleanup" daemon [_thread_blocked, id=2320, stack(0x000000e7f7a00000,0x000000e7f7b00000) (1024K)]
  0x00000200185c78e0 JavaThread "HikariPool-1 housekeeper"   daemon [_thread_blocked, id=10908, stack(0x000000e7f7c00000,0x000000e7f7d00000) (1024K)]
  0x00000200185c6bc0 JavaThread "http-nio-8080-exec-1"       daemon [_thread_blocked, id=13220, stack(0x000000e7f7d00000,0x000000e7f7e00000) (1024K)]
  0x00000200185c9320 JavaThread "http-nio-8080-exec-2"       daemon [_thread_blocked, id=6420, stack(0x000000e7f7e00000,0x000000e7f7f00000) (1024K)]
  0x00000200185c7f70 JavaThread "http-nio-8080-exec-3"       daemon [_thread_blocked, id=7016, stack(0x000000e7f7f00000,0x000000e7f8000000) (1024K)]
  0x00000200185c99b0 JavaThread "http-nio-8080-exec-4"       daemon [_thread_blocked, id=6112, stack(0x000000e7f8000000,0x000000e7f8100000) (1024K)]
  0x00000200185c6530 JavaThread "http-nio-8080-exec-5"       daemon [_thread_blocked, id=8124, stack(0x000000e7f8100000,0x000000e7f8200000) (1024K)]
  0x000002001a1fecf0 JavaThread "http-nio-8080-exec-6"       daemon [_thread_blocked, id=4716, stack(0x000000e7f8200000,0x000000e7f8300000) (1024K)]
  0x000002001a201ae0 JavaThread "http-nio-8080-exec-7"       daemon [_thread_blocked, id=8828, stack(0x000000e7f8300000,0x000000e7f8400000) (1024K)]
  0x000002001a1fe660 JavaThread "http-nio-8080-exec-8"       daemon [_thread_blocked, id=5396, stack(0x000000e7f8400000,0x000000e7f8500000) (1024K)]
  0x000002001a200dc0 JavaThread "http-nio-8080-exec-9"       daemon [_thread_blocked, id=7432, stack(0x000000e7f8500000,0x000000e7f8600000) (1024K)]
  0x000002001a201450 JavaThread "http-nio-8080-exec-10"      daemon [_thread_blocked, id=3968, stack(0x000000e7f8600000,0x000000e7f8700000) (1024K)]
  0x000002001a1ffa10 JavaThread "http-nio-8080-Poller"       daemon [_thread_in_native, id=10888, stack(0x000000e7f8700000,0x000000e7f8800000) (1024K)]
  0x000002001a1ff380 JavaThread "http-nio-8080-Acceptor"     daemon [_thread_in_native, id=10988, stack(0x000000e7f8800000,0x000000e7f8900000) (1024K)]
  0x000002001a2000a0 JavaThread "DestroyJavaVM"                     [_thread_blocked, id=12416, stack(0x000000e7f6100000,0x000000e7f6200000) (1024K)]
Total: 29

Other Threads:
  0x000001ffb712e150 VMThread "VM Thread"                           [id=8824, stack(0x000000e7f6800000,0x000000e7f6900000) (1024K)]
  0x000001ffb71169d0 WatcherThread "VM Periodic Task Thread"        [id=8688, stack(0x000000e7f6700000,0x000000e7f6800000) (1024K)]
  0x000001ffb70a98d0 WorkerThread "GC Thread#0"                     [id=9520, stack(0x000000e7f6200000,0x000000e7f6300000) (1024K)]
  0x0000020017296de0 WorkerThread "GC Thread#1"                     [id=5884, stack(0x000000e7f7200000,0x000000e7f7300000) (1024K)]
  0x0000020017341850 WorkerThread "GC Thread#2"                     [id=9932, stack(0x000000e7f7500000,0x000000e7f7600000) (1024K)]
  0x0000020017341c00 WorkerThread "GC Thread#3"                     [id=9648, stack(0x000000e7f7600000,0x000000e7f7700000) (1024K)]
  0x000001ffb70b1970 ConcurrentGCThread "G1 Main Marker"            [id=8408, stack(0x000000e7f6300000,0x000000e7f6400000) (1024K)]
  0x000001ffb70b2c20 WorkerThread "G1 Conc#0"                       [id=13028, stack(0x000000e7f6400000,0x000000e7f6500000) (1024K)]
  0x000001ffb7103ac0 ConcurrentGCThread "G1 Refine#0"               [id=2724, stack(0x000000e7f6500000,0x000000e7f6600000) (1024K)]
  0x000001ffb7104640 ConcurrentGCThread "G1 Service"                [id=372, stack(0x000000e7f6600000,0x000000e7f6700000) (1024K)]
Total: 10

Threads with active compile tasks:
C2 CompilerThread0  30167 5356       4       org.springframework.core.ResolvableType::forType (112 bytes)
Total: 1

VM state: not at safepoint (normal execution)

VM Mutex/Monitor currently owned by a thread: None

Heap address: 0x00000000c8800000, size: 888 MB, Compressed Oops mode: 32-bit

CDS archive(s) mapped at: [0x000001ffd2000000-0x000001ffd2c60000-0x000001ffd2c60000), size 12976128, SharedBaseAddress: 0x000001ffd2000000, ArchiveRelocationMode: 1.
Compressed class space mapped at: 0x000001ffd3000000-0x0000020013000000, reserved size: 1073741824
Narrow klass base: 0x000001ffd2000000, Narrow klass shift: 0, Narrow klass range: 0x41000000

GC Precious Log:
 CardTable entry size: 512
 Card Set container configuration: InlinePtr #cards 5 size 8 Array Of Cards #cards 12 size 40 Howl #buckets 4 coarsen threshold 1843 Howl Bitmap #cards 512 size 80 coarsen threshold 460 Card regions per heap region 1 cards per card region 2048
 CPUs: 4 total, 4 available
 Memory: 3550M
 Large Page Support: Disabled
 NUMA Support: Disabled
 Compressed Oops: Enabled (32-bit)
 Heap Region Size: 1M
 Heap Min Capacity: 8M
 Heap Initial Capacity: 56M
 Heap Max Capacity: 888M
 Pre-touch: Disabled
 Parallel Workers: 4
 Concurrent Workers: 1
 Concurrent Refinement Workers: 4
 Periodic GC: Disabled

Heap:
 garbage-first heap   total reserved 909312K, committed 51200K, used 35513K [0x00000000c8800000, 0x0000000100000000)
  region size 1024K, 12 young (12288K), 3 survivors (3072K)
 Metaspace       used 62744K, committed 63360K, reserved 1114112K
  class space    used 8510K, committed 8768K, reserved 1048576K

Heap Regions: E=young(eden), S=young(survivor), O=old, HS=humongous(starts), HC=humongous(continues), CS=collection set, F=free, TAMS=top-at-mark-start, PB=parsable bottom
|   0|0x00000000c8800000, 0x00000000c8900000, 0x00000000c8900000|100%|HS|  |TAMS 0x00000000c8800000| PB 0x00000000c8800000| Complete |  0
|   1|0x00000000c8900000, 0x00000000c8a00000, 0x00000000c8a00000|100%| O|  |TAMS 0x00000000c8900000| PB 0x00000000c8900000| Untracked |  0
|   2|0x00000000c8a00000, 0x00000000c8b00000, 0x00000000c8b00000|100%| O|  |TAMS 0x00000000c8a00000| PB 0x00000000c8a00000| Untracked |  0
|   3|0x00000000c8b00000, 0x00000000c8c00000, 0x00000000c8c00000|100%| O|  |TAMS 0x00000000c8b00000| PB 0x00000000c8b00000| Untracked |  0
|   4|0x00000000c8c00000, 0x00000000c8d00000, 0x00000000c8d00000|100%| O|  |TAMS 0x00000000c8c00000| PB 0x00000000c8c00000| Untracked |  0
|   5|0x00000000c8d00000, 0x00000000c8e00000, 0x00000000c8e00000|100%| O|  |TAMS 0x00000000c8d00000| PB 0x00000000c8d00000| Untracked |  0
|   6|0x00000000c8e00000, 0x00000000c8f00000, 0x00000000c8f00000|100%| O|  |TAMS 0x00000000c8e00000| PB 0x00000000c8e00000| Untracked |  0
|   7|0x00000000c8f00000, 0x00000000c9000000, 0x00000000c9000000|100%| O|  |TAMS 0x00000000c8f00000| PB 0x00000000c8f00000| Untracked |  0
|   8|0x00000000c9000000, 0x00000000c9100000, 0x00000000c9100000|100%| O|  |TAMS 0x00000000c9000000| PB 0x00000000c9000000| Untracked |  0
|   9|0x00000000c9100000, 0x00000000c9200000, 0x00000000c9200000|100%| O|  |TAMS 0x00000000c9100000| PB 0x00000000c9100000| Untracked |  0
|  10|0x00000000c9200000, 0x00000000c9300000, 0x00000000c9300000|100%| O|  |TAMS 0x00000000c9200000| PB 0x00000000c9200000| Untracked |  0
|  11|0x00000000c9300000, 0x00000000c9400000, 0x00000000c9400000|100%| O|  |TAMS 0x00000000c9300000| PB 0x00000000c9300000| Untracked |  0
|  12|0x00000000c9400000, 0x00000000c9500000, 0x00000000c9500000|100%| O|  |TAMS 0x00000000c9400000| PB 0x00000000c9400000| Untracked |  0
|  13|0x00000000c9500000, 0x00000000c9600000, 0x00000000c9600000|100%| O|  |TAMS 0x00000000c9500000| PB 0x00000000c9500000| Untracked |  0
|  14|0x00000000c9600000, 0x00000000c9700000, 0x00000000c9700000|100%| O|  |TAMS 0x00000000c9600000| PB 0x00000000c9600000| Untracked |  0
|  15|0x00000000c9700000, 0x00000000c9800000, 0x00000000c9800000|100%| O|  |TAMS 0x00000000c9700000| PB 0x00000000c9700000| Untracked |  0
|  16|0x00000000c9800000, 0x00000000c9900000, 0x00000000c9900000|100%| O|  |TAMS 0x00000000c9800000| PB 0x00000000c9800000| Untracked |  0
|  17|0x00000000c9900000, 0x00000000c9a00000, 0x00000000c9a00000|100%| O|  |TAMS 0x00000000c9900000| PB 0x00000000c9900000| Untracked |  0
|  18|0x00000000c9a00000, 0x00000000c9b00000, 0x00000000c9b00000|100%| O|  |TAMS 0x00000000c9a00000| PB 0x00000000c9a00000| Untracked |  0
|  19|0x00000000c9b00000, 0x00000000c9bae420, 0x00000000c9c00000| 68%| O|  |TAMS 0x00000000c9b00000| PB 0x00000000c9b00000| Untracked |  0
|  20|0x00000000c9c00000, 0x00000000c9d00000, 0x00000000c9d00000|100%| O|  |TAMS 0x00000000c9c00000| PB 0x00000000c9c00000| Untracked |  0
|  21|0x00000000c9d00000, 0x00000000c9e00000, 0x00000000c9e00000|100%| O|  |TAMS 0x00000000c9d00000| PB 0x00000000c9d00000| Untracked |  0
|  22|0x00000000c9e00000, 0x00000000c9e00000, 0x00000000c9f00000|  0%| F|  |TAMS 0x00000000c9e00000| PB 0x00000000c9e00000| Untracked |  0
|  23|0x00000000c9f00000, 0x00000000c9f00000, 0x00000000ca000000|  0%| F|  |TAMS 0x00000000c9f00000| PB 0x00000000c9f00000| Untracked |  0
|  24|0x00000000ca000000, 0x00000000ca100000, 0x00000000ca100000|100%| O|  |TAMS 0x00000000ca000000| PB 0x00000000ca000000| Untracked |  0
|  25|0x00000000ca100000, 0x00000000ca200000, 0x00000000ca200000|100%| O|Cm|TAMS 0x00000000ca100000| PB 0x00000000ca100000| Complete |  0
|  26|0x00000000ca200000, 0x00000000ca300000, 0x00000000ca300000|100%| S|CS|TAMS 0x00000000ca200000| PB 0x00000000ca200000| Complete |  0
|  27|0x00000000ca300000, 0x00000000ca400000, 0x00000000ca400000|100%| S|CS|TAMS 0x00000000ca300000| PB 0x00000000ca300000| Complete |  0
|  28|0x00000000ca400000, 0x00000000ca500000, 0x00000000ca500000|100%| S|CS|TAMS 0x00000000ca400000| PB 0x00000000ca400000| Complete |  0
|  29|0x00000000ca500000, 0x00000000ca500000, 0x00000000ca600000|  0%| F|  |TAMS 0x00000000ca500000| PB 0x00000000ca500000| Untracked |  0
|  30|0x00000000ca600000, 0x00000000ca600000, 0x00000000ca700000|  0%| F|  |TAMS 0x00000000ca600000| PB 0x00000000ca600000| Untracked |  0
|  31|0x00000000ca700000, 0x00000000ca700000, 0x00000000ca800000|  0%| F|  |TAMS 0x00000000ca700000| PB 0x00000000ca700000| Untracked |  0
|  32|0x00000000ca800000, 0x00000000ca800000, 0x00000000ca900000|  0%| F|  |TAMS 0x00000000ca800000| PB 0x00000000ca800000| Untracked |  0
|  33|0x00000000ca900000, 0x00000000ca900000, 0x00000000caa00000|  0%| F|  |TAMS 0x00000000ca900000| PB 0x00000000ca900000| Untracked |  0
|  34|0x00000000caa00000, 0x00000000caa00000, 0x00000000cab00000|  0%| F|  |TAMS 0x00000000caa00000| PB 0x00000000caa00000| Untracked |  0
|  35|0x00000000cab00000, 0x00000000cab00000, 0x00000000cac00000|  0%| F|  |TAMS 0x00000000cab00000| PB 0x00000000cab00000| Untracked |  0
|  36|0x00000000cac00000, 0x00000000cac00000, 0x00000000cad00000|  0%| F|  |TAMS 0x00000000cac00000| PB 0x00000000cac00000| Untracked |  0
|  37|0x00000000cad00000, 0x00000000cad00000, 0x00000000cae00000|  0%| F|  |TAMS 0x00000000cad00000| PB 0x00000000cad00000| Untracked |  0
|  38|0x00000000cae00000, 0x00000000cae00000, 0x00000000caf00000|  0%| F|  |TAMS 0x00000000cae00000| PB 0x00000000cae00000| Untracked |  0
|  39|0x00000000caf00000, 0x00000000caf00000, 0x00000000cb000000|  0%| F|  |TAMS 0x00000000caf00000| PB 0x00000000caf00000| Untracked |  0
|  40|0x00000000cb000000, 0x00000000cb000000, 0x00000000cb100000|  0%| F|  |TAMS 0x00000000cb000000| PB 0x00000000cb000000| Untracked |  0
|  41|0x00000000cb100000, 0x00000000cb16ecc8, 0x00000000cb200000| 43%| E|  |TAMS 0x00000000cb100000| PB 0x00000000cb100000| Complete |  0
|  42|0x00000000cb200000, 0x00000000cb300000, 0x00000000cb300000|100%| E|CS|TAMS 0x00000000cb200000| PB 0x00000000cb200000| Complete |  0
|  43|0x00000000cb300000, 0x00000000cb400000, 0x00000000cb400000|100%| E|CS|TAMS 0x00000000cb300000| PB 0x00000000cb300000| Complete |  0
|  44|0x00000000cb400000, 0x00000000cb500000, 0x00000000cb500000|100%| E|CS|TAMS 0x00000000cb400000| PB 0x00000000cb400000| Complete |  0
|  45|0x00000000cb500000, 0x00000000cb600000, 0x00000000cb600000|100%| E|CS|TAMS 0x00000000cb500000| PB 0x00000000cb500000| Complete |  0
|  46|0x00000000cb600000, 0x00000000cb700000, 0x00000000cb700000|100%| E|CS|TAMS 0x00000000cb600000| PB 0x00000000cb600000| Complete |  0
|  47|0x00000000cb700000, 0x00000000cb800000, 0x00000000cb800000|100%| E|CS|TAMS 0x00000000cb700000| PB 0x00000000cb700000| Complete |  0
|  50|0x00000000cba00000, 0x00000000cbb00000, 0x00000000cbb00000|100%| E|CS|TAMS 0x00000000cba00000| PB 0x00000000cba00000| Complete |  0
|  55|0x00000000cbf00000, 0x00000000cc000000, 0x00000000cc000000|100%| E|CS|TAMS 0x00000000cbf00000| PB 0x00000000cbf00000| Complete |  0

Card table byte_map: [0x000001ffce3c0000,0x000001ffce580000] _byte_map_base: 0x000001ffcdd7c000

Marking Bits: (CMBitMap*) 0x000001ffb70a9fe0
 Bits: [0x000001ffce580000, 0x000001ffcf360000)

Polling page: 0x000001ffb4ea0000

Metaspace:

Usage:
  Non-class:     52.96 MB used.
      Class:      8.31 MB used.
       Both:     61.27 MB used.

Virtual space:
  Non-class space:       64.00 MB reserved,      53.31 MB ( 83%) committed,  1 nodes.
      Class space:        1.00 GB reserved,       8.56 MB ( <1%) committed,  1 nodes.
             Both:        1.06 GB reserved,      61.88 MB (  6%) committed. 

Chunk freelists:
   Non-Class:  10.52 MB
       Class:  7.32 MB
        Both:  17.83 MB

MaxMetaspaceSize: unlimited
CompressedClassSpaceSize: 1.00 GB
Initial GC threshold: 21.00 MB
Current GC threshold: 98.38 MB
CDS: on
 - commit_granule_bytes: 65536.
 - commit_granule_words: 8192.
 - virtual_space_node_default_size: 8388608.
 - enlarge_chunks_in_place: 1.
 - use_allocation_guard: 0.


Internal statistics:

num_allocs_failed_limit: 9.
num_arena_births: 874.
num_arena_deaths: 0.
num_vsnodes_births: 2.
num_vsnodes_deaths: 0.
num_space_committed: 990.
num_space_uncommitted: 0.
num_chunks_returned_to_freelist: 9.
num_chunks_taken_from_freelist: 3027.
num_chunk_merges: 9.
num_chunk_splits: 2135.
num_chunks_enlarged: 1641.
num_inconsistent_stats: 0.

CodeHeap 'non-profiled nmethods': size=120000Kb used=2619Kb max_used=2619Kb free=117380Kb
 bounds [0x000001ffc6e90000, 0x000001ffc7120000, 0x000001ffce3c0000]
CodeHeap 'profiled nmethods': size=120000Kb used=9868Kb max_used=9868Kb free=110132Kb
 bounds [0x000001ffbf3c0000, 0x000001ffbfd70000, 0x000001ffc68f0000]
CodeHeap 'non-nmethods': size=5760Kb used=1700Kb max_used=1744Kb free=4059Kb
 bounds [0x000001ffc68f0000, 0x000001ffc6b60000, 0x000001ffc6e90000]
 total_blobs=6044 nmethods=5319 adapters=629
 compilation: enabled
              stopped_count=0, restarted_count=0
 full_count=0

Compilation events (20 events):
Event: 28.495 Thread 0x000001ffd1906950 nmethod 5754 0x000001ffc7114c90 code [0x000001ffc7114f40, 0x000001ffc7115fa0]
Event: 28.496 Thread 0x000001ffd1906950 5764       4       org.springframework.core.annotation.MergedAnnotations::from (41 bytes)
Event: 28.573 Thread 0x000001ffd1906950 nmethod 5764 0x000001ffc7116b90 code [0x000001ffc7116e60, 0x000001ffc7118158]
Event: 28.573 Thread 0x000001ffd1906950 5786       4       org.springframework.core.annotation.TypeMappedAnnotations::from (27 bytes)
Event: 28.656 Thread 0x000001ffd1906950 nmethod 5786 0x000001ffc7118e90 code [0x000001ffc7119160, 0x000001ffc711a2e0]
Event: 28.656 Thread 0x000001ffd1906950 5821       4       org.springframework.core.annotation.AnnotationsScanner::isKnownEmpty (63 bytes)
Event: 28.737 Thread 0x000001ffd1906950 nmethod 5821 0x000001ffc711ae90 code [0x000001ffc711b140, 0x000001ffc711bfb0]
Event: 28.737 Thread 0x000001ffd1906950 5605       4       java.util.LinkedHashMap$LinkedHashIterator::<init> (47 bytes)
Event: 28.744 Thread 0x000001ffd1906950 nmethod 5605 0x000001ffc6fbfc90 code [0x000001ffc6fbfe20, 0x000001ffc6fc0128]
Event: 28.744 Thread 0x000001ffd1906950 5489       4       java.lang.invoke.VarHandle::checkAccessModeThenIsDirect (29 bytes)
Event: 28.781 Thread 0x000001ffd1906950 nmethod 5489 0x000001ffc6f32990 code [0x000001ffc6f32b40, 0x000001ffc6f32f18]
Event: 28.781 Thread 0x000001ffd1906950 5490       4       java.lang.invoke.VarForm::getMemberName (38 bytes)
Event: 28.785 Thread 0x000001ffd1906950 nmethod 5490 0x000001ffc711ca90 code [0x000001ffc711cc20, 0x000001ffc711cd40]
Event: 28.785 Thread 0x000001ffd1906950 5347       4       java.util.concurrent.ConcurrentMap::computeIfAbsent (51 bytes)
Event: 28.842 Thread 0x000001ffd1906950 nmethod 5347 0x000001ffc711ce90 code [0x000001ffc711d120, 0x000001ffc711dcd0]
Event: 28.842 Thread 0x000001ffd1906950 5346       4       org.springframework.core.annotation.TypeMappedAnnotations$MergedAnnotationFinder::finish (9 bytes)
Event: 28.845 Thread 0x000001ffd1906950 nmethod 5346 0x000001ffc711e710 code [0x000001ffc711e8a0, 0x000001ffc711e960]
Event: 28.845 Thread 0x000001ffd1906950 5370       4       java.lang.invoke.LambdaForm$MH/0x000001ffd3001800::invoke (25 bytes)
Event: 28.848 Thread 0x000001ffd1906950 nmethod 5370 0x000001ffc711ea10 code [0x000001ffc711ebc0, 0x000001ffc711ecf0]
Event: 28.848 Thread 0x000001ffd1906950 5356       4       org.springframework.core.ResolvableType::forType (112 bytes)

GC Heap History (20 events):
Event: 7.024 GC heap before
{Heap before GC invocations=3 (full 0):
 garbage-first heap   total reserved 909312K, committed 57344K, used 39336K [0x00000000c8800000, 0x0000000100000000)
  region size 1024K, 33 young (33792K), 4 survivors (4096K)
 Metaspace       used 20335K, committed 20736K, reserved 1114112K
  class space    used 2453K, committed 2624K, reserved 1048576K
}
Event: 7.044 GC heap after
{Heap after GC invocations=4 (full 0):
 garbage-first heap   total reserved 909312K, committed 57344K, used 13490K [0x00000000c8800000, 0x0000000100000000)
  region size 1024K, 5 young (5120K), 5 survivors (5120K)
 Metaspace       used 20335K, committed 20736K, reserved 1114112K
  class space    used 2453K, committed 2624K, reserved 1048576K
}
Event: 7.498 GC heap before
{Heap before GC invocations=4 (full 0):
 garbage-first heap   total reserved 909312K, committed 57344K, used 17586K [0x00000000c8800000, 0x0000000100000000)
  region size 1024K, 10 young (10240K), 5 survivors (5120K)
 Metaspace       used 21242K, committed 21504K, reserved 1114112K
  class space    used 2565K, committed 2688K, reserved 1048576K
}
Event: 7.519 GC heap after
{Heap after GC invocations=5 (full 0):
 garbage-first heap   total reserved 909312K, committed 57344K, used 14525K [0x00000000c8800000, 0x0000000100000000)
  region size 1024K, 1 young (1024K), 1 survivors (1024K)
 Metaspace       used 21242K, committed 21504K, reserved 1114112K
  class space    used 2565K, committed 2688K, reserved 1048576K
}
Event: 10.650 GC heap before
{Heap before GC invocations=6 (full 0):
 garbage-first heap   total reserved 909312K, committed 51200K, used 43197K [0x00000000c8800000, 0x0000000100000000)
  region size 1024K, 30 young (30720K), 1 survivors (1024K)
 Metaspace       used 26620K, committed 27136K, reserved 1114112K
  class space    used 3397K, committed 3648K, reserved 1048576K
}
Event: 10.670 GC heap after
{Heap after GC invocations=7 (full 0):
 garbage-first heap   total reserved 909312K, committed 51200K, used 17264K [0x00000000c8800000, 0x0000000100000000)
  region size 1024K, 4 young (4096K), 4 survivors (4096K)
 Metaspace       used 26620K, committed 27136K, reserved 1114112K
  class space    used 3397K, committed 3648K, reserved 1048576K
}
Event: 12.579 GC heap before
{Heap before GC invocations=7 (full 0):
 garbage-first heap   total reserved 909312K, committed 51200K, used 39792K [0x00000000c8800000, 0x0000000100000000)
  region size 1024K, 27 young (27648K), 4 survivors (4096K)
 Metaspace       used 31915K, committed 32448K, reserved 1114112K
  class space    used 4076K, committed 4288K, reserved 1048576K
}
Event: 12.591 GC heap after
{Heap after GC invocations=8 (full 0):
 garbage-first heap   total reserved 909312K, committed 51200K, used 18759K [0x00000000c8800000, 0x0000000100000000)
  region size 1024K, 2 young (2048K), 2 survivors (2048K)
 Metaspace       used 31915K, committed 32448K, reserved 1114112K
  class space    used 4076K, committed 4288K, reserved 1048576K
}
Event: 13.548 GC heap before
{Heap before GC invocations=8 (full 0):
 garbage-first heap   total reserved 909312K, committed 51200K, used 31047K [0x00000000c8800000, 0x0000000100000000)
  region size 1024K, 15 young (15360K), 2 survivors (2048K)
 Metaspace       used 35445K, committed 35968K, reserved 1114112K
  class space    used 4665K, committed 4928K, reserved 1048576K
}
Event: 13.556 GC heap after
{Heap after GC invocations=9 (full 0):
 garbage-first heap   total reserved 909312K, committed 51200K, used 19399K [0x00000000c8800000, 0x0000000100000000)
  region size 1024K, 3 young (3072K), 3 survivors (3072K)
 Metaspace       used 35445K, committed 35968K, reserved 1114112K
  class space    used 4665K, committed 4928K, reserved 1048576K
}
Event: 16.329 GC heap before
{Heap before GC invocations=10 (full 0):
 garbage-first heap   total reserved 909312K, committed 51200K, used 41927K [0x00000000c8800000, 0x0000000100000000)
  region size 1024K, 26 young (26624K), 3 survivors (3072K)
 Metaspace       used 45282K, committed 45888K, reserved 1114112K
  class space    used 5888K, committed 6144K, reserved 1048576K
}
Event: 16.343 GC heap after
{Heap after GC invocations=11 (full 0):
 garbage-first heap   total reserved 909312K, committed 51200K, used 21970K [0x00000000c8800000, 0x0000000100000000)
  region size 1024K, 4 young (4096K), 4 survivors (4096K)
 Metaspace       used 45282K, committed 45888K, reserved 1114112K
  class space    used 5888K, committed 6144K, reserved 1048576K
}
Event: 17.919 GC heap before
{Heap before GC invocations=11 (full 0):
 garbage-first heap   total reserved 909312K, committed 51200K, used 41426K [0x00000000c8800000, 0x0000000100000000)
  region size 1024K, 24 young (24576K), 4 survivors (4096K)
 Metaspace       used 51751K, committed 52352K, reserved 1114112K
  class space    used 6788K, committed 7040K, reserved 1048576K
}
Event: 17.935 GC heap after
{Heap after GC invocations=12 (full 0):
 garbage-first heap   total reserved 909312K, committed 51200K, used 23077K [0x00000000c8800000, 0x0000000100000000)
  region size 1024K, 2 young (2048K), 2 survivors (2048K)
 Metaspace       used 51751K, committed 52352K, reserved 1114112K
  class space    used 6788K, committed 7040K, reserved 1048576K
}
Event: 19.842 GC heap before
{Heap before GC invocations=12 (full 0):
 garbage-first heap   total reserved 909312K, committed 51200K, used 44581K [0x00000000c8800000, 0x0000000100000000)
  region size 1024K, 23 young (23552K), 2 survivors (2048K)
 Metaspace       used 56848K, committed 57472K, reserved 1114112K
  class space    used 7673K, committed 7936K, reserved 1048576K
}
Event: 19.849 GC heap after
{Heap after GC invocations=13 (full 0):
 garbage-first heap   total reserved 909312K, committed 51200K, used 23693K [0x00000000c8800000, 0x0000000100000000)
  region size 1024K, 3 young (3072K), 3 survivors (3072K)
 Metaspace       used 56848K, committed 57472K, reserved 1114112K
  class space    used 7673K, committed 7936K, reserved 1048576K
}
Event: 21.057 GC heap before
{Heap before GC invocations=13 (full 0):
 garbage-first heap   total reserved 909312K, committed 51200K, used 37005K [0x00000000c8800000, 0x0000000100000000)
  region size 1024K, 17 young (17408K), 3 survivors (3072K)
 Metaspace       used 59740K, committed 60288K, reserved 1114112K
  class space    used 8012K, committed 8256K, reserved 1048576K
}
Event: 21.067 GC heap after
{Heap after GC invocations=14 (full 0):
 garbage-first heap   total reserved 909312K, committed 51200K, used 25390K [0x00000000c8800000, 0x0000000100000000)
  region size 1024K, 3 young (3072K), 3 survivors (3072K)
 Metaspace       used 59740K, committed 60288K, reserved 1114112K
  class space    used 8012K, committed 8256K, reserved 1048576K
}
Event: 23.575 GC heap before
{Heap before GC invocations=15 (full 0):
 garbage-first heap   total reserved 909312K, committed 51200K, used 43822K [0x00000000c8800000, 0x0000000100000000)
  region size 1024K, 21 young (21504K), 3 survivors (3072K)
 Metaspace       used 61751K, committed 62400K, reserved 1114112K
  class space    used 8369K, committed 8640K, reserved 1048576K
}
Event: 23.590 GC heap after
{Heap after GC invocations=16 (full 0):
 garbage-first heap   total reserved 909312K, committed 51200K, used 27321K [0x00000000c8800000, 0x0000000100000000)
  region size 1024K, 3 young (3072K), 3 survivors (3072K)
 Metaspace       used 61751K, committed 62400K, reserved 1114112K
  class space    used 8369K, committed 8640K, reserved 1048576K
}

Dll operation events (15 events):
Event: 0.045 Loaded shared library C:\Program Files\Java\jdk-22\bin\java.dll
Event: 0.148 Loaded shared library C:\Program Files\Java\jdk-22\bin\jsvml.dll
Event: 0.490 Loaded shared library C:\Program Files\Java\jdk-22\bin\zip.dll
Event: 0.504 Loaded shared library C:\Program Files\Java\jdk-22\bin\instrument.dll
Event: 0.520 Loaded shared library C:\Program Files\Java\jdk-22\bin\net.dll
Event: 0.525 Loaded shared library C:\Program Files\Java\jdk-22\bin\nio.dll
Event: 0.537 Loaded shared library C:\Program Files\Java\jdk-22\bin\zip.dll
Event: 0.881 Loaded shared library C:\Program Files\JetBrains\IntelliJ IDEA Community Edition 2023.3.6\bin\breakgen64.dll
Event: 0.909 Loaded shared library C:\Program Files\Java\jdk-22\bin\extnet.dll
Event: 1.087 Loaded shared library C:\Program Files\Java\jdk-22\bin\jimage.dll
Event: 3.529 Loaded shared library C:\Program Files\Java\jdk-22\bin\le.dll
Event: 5.419 Loaded shared library C:\Program Files\Java\jdk-22\bin\sunmscapi.dll
Event: 11.313 Loaded shared library C:\Program Files\Java\jdk-22\bin\management.dll
Event: 11.322 Loaded shared library C:\Program Files\Java\jdk-22\bin\management_ext.dll
Event: 13.087 Loaded shared library C:\Program Files\Java\jdk-22\bin\verify.dll

Deoptimization events (20 events):
Event: 23.813 Thread 0x000001ffb4f071a0 Uncommon trap: trap_request=0xffffffde fr.pc=0x000001ffc6f0e0d4 relative=0x0000000000000174
Event: 23.813 Thread 0x000001ffb4f071a0 Uncommon trap: reason=class_check action=maybe_recompile pc=0x000001ffc6f0e0d4 method=org.springframework.boot.context.properties.source.ConfigurationPropertyName$Elements.charAt(II)C @ 43 c2
Event: 23.813 Thread 0x000001ffb4f071a0 DEOPT PACKING pc=0x000001ffc6f0e0d4 sp=0x000000e7f61fc3c0
Event: 23.813 Thread 0x000001ffb4f071a0 DEOPT UNPACKING pc=0x000001ffc69446a2 sp=0x000000e7f61fc338 mode 2
Event: 23.813 Thread 0x000001ffb4f071a0 Uncommon trap: trap_request=0xffffffde fr.pc=0x000001ffc6f0e0d4 relative=0x0000000000000174
Event: 23.813 Thread 0x000001ffb4f071a0 Uncommon trap: reason=class_check action=maybe_recompile pc=0x000001ffc6f0e0d4 method=org.springframework.boot.context.properties.source.ConfigurationPropertyName$Elements.charAt(II)C @ 43 c2
Event: 23.813 Thread 0x000001ffb4f071a0 DEOPT PACKING pc=0x000001ffc6f0e0d4 sp=0x000000e7f61fc3c0
Event: 23.813 Thread 0x000001ffb4f071a0 DEOPT UNPACKING pc=0x000001ffc69446a2 sp=0x000000e7f61fc338 mode 2
Event: 23.873 Thread 0x000001ffb4f071a0 Uncommon trap: trap_request=0xfffffff4 fr.pc=0x000001ffc6fae0cc relative=0x000000000000028c
Event: 23.873 Thread 0x000001ffb4f071a0 Uncommon trap: reason=null_check action=make_not_entrant pc=0x000001ffc6fae0cc method=org.springframework.util.ClassUtils.isAssignable(Ljava/lang/Class;Ljava/lang/Class;)Z @ 14 c2
Event: 23.873 Thread 0x000001ffb4f071a0 DEOPT PACKING pc=0x000001ffc6fae0cc sp=0x000000e7f61fe630
Event: 23.874 Thread 0x000001ffb4f071a0 DEOPT UNPACKING pc=0x000001ffc69446a2 sp=0x000000e7f61fe5c0 mode 2
Event: 24.157 Thread 0x000001ffb4f071a0 Uncommon trap: trap_request=0xffffff45 fr.pc=0x000001ffc6ef790c relative=0x000000000000006c
Event: 24.157 Thread 0x000001ffb4f071a0 Uncommon trap: reason=unstable_if action=reinterpret pc=0x000001ffc6ef790c method=org.springframework.util.ConcurrentReferenceHashMap$Segment.clear()V @ 7 c2
Event: 24.157 Thread 0x000001ffb4f071a0 DEOPT PACKING pc=0x000001ffc6ef790c sp=0x000000e7f61fef80
Event: 24.157 Thread 0x000001ffb4f071a0 DEOPT UNPACKING pc=0x000001ffc69446a2 sp=0x000000e7f61fef10 mode 2
Event: 24.280 Thread 0x000001ffb4f071a0 Uncommon trap: trap_request=0xffffff45 fr.pc=0x000001ffc6f2ae30 relative=0x0000000000000110
Event: 24.280 Thread 0x000001ffb4f071a0 Uncommon trap: reason=unstable_if action=reinterpret pc=0x000001ffc6f2ae30 method=java.util.ArrayList.indexOfRange(Ljava/lang/Object;II)I @ 7 c2
Event: 24.280 Thread 0x000001ffb4f071a0 DEOPT PACKING pc=0x000001ffc6f2ae30 sp=0x000000e7f61fecf0
Event: 24.280 Thread 0x000001ffb4f071a0 DEOPT UNPACKING pc=0x000001ffc69446a2 sp=0x000000e7f61fec70 mode 2

Classes loaded (20 events):
Event: 24.245 Loading class java/nio/BufferMismatch
Event: 24.246 Loading class java/nio/BufferMismatch done
Event: 24.246 Loading class sun/nio/ch/SourceChannelImpl
Event: 24.247 Loading class java/nio/channels/Pipe$SourceChannel
Event: 24.247 Loading class java/nio/channels/Pipe$SourceChannel done
Event: 24.247 Loading class sun/nio/ch/SourceChannelImpl done
Event: 24.247 Loading class sun/nio/ch/SinkChannelImpl
Event: 24.248 Loading class java/nio/channels/Pipe$SinkChannel
Event: 24.248 Loading class java/nio/channels/Pipe$SinkChannel done
Event: 24.248 Loading class sun/nio/ch/SinkChannelImpl done
Event: 24.255 Loading class java/nio/channels/spi/AbstractSelector$1
Event: 24.256 Loading class java/nio/channels/spi/AbstractSelector$1 done
Event: 24.264 Loading class java/util/TreeMap$ValueSpliterator
Event: 24.265 Loading class java/util/TreeMap$TreeMapSpliterator
Event: 24.266 Loading class java/util/TreeMap$TreeMapSpliterator done
Event: 24.266 Loading class java/util/TreeMap$ValueSpliterator done
Event: 24.342 Loading class java/util/IdentityHashMap$KeySpliterator
Event: 24.342 Loading class java/util/IdentityHashMap$IdentityHashMapSpliterator
Event: 24.343 Loading class java/util/IdentityHashMap$IdentityHashMapSpliterator done
Event: 24.343 Loading class java/util/IdentityHashMap$KeySpliterator done

Classes unloaded (0 events):
No events

Classes redefined (0 events):
No events

Internal exceptions (20 events):
Event: 19.634 Thread 0x000001ffb4f071a0 Exception <a 'java/lang/NoSuchMethodError'{0x00000000ca7ba6f8}: 'java.lang.Object java.lang.invoke.DirectMethodHandle$Holder.newInvokeSpecial(java.lang.Object, java.lang.Object, java.lang.Object, java.lang.Object, java.lang.Object, java.lang.Object, java.lang.Object, int)'> (0x00000000ca7ba6f8) 
thrown [s\open\src\hotspot\share\interpreter\linkResolver.cpp, line 774]
Event: 19.636 Thread 0x000001ffb4f071a0 Exception <a 'java/lang/NoSuchMethodError'{0x00000000ca7bec88}: 'java.lang.Object java.lang.invoke.DirectMethodHandle$Holder.invokeSpecial(java.lang.Object, java.lang.Object, java.lang.Object, java.lang.Object, java.lang.Object, java.lang.Object, java.lang.Object, java.lang.Object, int)'> (0x00000000ca7bec88) 
thrown [s\open\src\hotspot\share\interpreter\linkResolver.cpp, line 774]
Event: 19.641 Thread 0x000001ffb4f071a0 Exception <a 'java/lang/NoSuchMethodError'{0x00000000ca7c2ca0}: 'java.lang.Object java.lang.invoke.Invokers$Holder.linkToTargetMethod(java.lang.Object, java.lang.Object, java.lang.Object, java.lang.Object, java.lang.Object, java.lang.Object, int, java.lang.Object)'> (0x00000000ca7c2ca0) 
thrown [s\open\src\hotspot\share\interpreter\linkResolver.cpp, line 774]
Event: 19.741 Thread 0x000001ffb4f071a0 Exception <a 'java/lang/NoSuchMethodError'{0x00000000ca6852e8}: 'void java.lang.invoke.DirectMethodHandle$Holder.invokeInterface(java.lang.Object, java.lang.Object)'> (0x00000000ca6852e8) 
thrown [s\open\src\hotspot\share\interpreter\linkResolver.cpp, line 774]
Event: 20.109 Thread 0x000001ffb4f071a0 Exception <a 'java/lang/NoSuchMethodError'{0x00000000cbaec188}: 'void java.lang.invoke.Invokers$Holder.invokeExact_MT(java.lang.Object, java.lang.Object, java.lang.Object, java.lang.Object)'> (0x00000000cbaec188) 
thrown [s\open\src\hotspot\share\interpreter\linkResolver.cpp, line 774]
Event: 20.264 Thread 0x000001ffb4f071a0 Implicit null exception at 0x000001ffc6ec18f3 to 0x000001ffc6ec1b64
Event: 20.423 Thread 0x000001ffb4f071a0 Exception <a 'java/lang/IncompatibleClassChangeError'{0x00000000cb4c9c70}: Found class java.lang.Object, but interface was expected> (0x00000000cb4c9c70) 
thrown [s\open\src\hotspot\share\interpreter\linkResolver.cpp, line 841]
Event: 20.456 Thread 0x000001ffb4f071a0 Exception <a 'java/lang/IncompatibleClassChangeError'{0x00000000cb339db0}: Found class java.lang.Object, but interface was expected> (0x00000000cb339db0) 
thrown [s\open\src\hotspot\share\interpreter\linkResolver.cpp, line 841]
Event: 20.544 Thread 0x000001ffb4f071a0 Exception <a 'java/lang/IncompatibleClassChangeError'{0x00000000cb287898}: Found class java.lang.Object, but interface was expected> (0x00000000cb287898) 
thrown [s\open\src\hotspot\share\interpreter\linkResolver.cpp, line 841]
Event: 21.092 Thread 0x000001ffb4f071a0 Exception <a 'java/lang/IncompatibleClassChangeError'{0x00000000cbf33a48}: Found class java.lang.Object, but interface was expected> (0x00000000cbf33a48) 
thrown [s\open\src\hotspot\share\interpreter\linkResolver.cpp, line 841]
Event: 21.820 Thread 0x000001ffb4f071a0 Exception <a 'java/lang/NoSuchMethodError'{0x00000000cb58ac30}: 'java.lang.Object java.lang.invoke.DirectMethodHandle$Holder.newInvokeSpecial(java.lang.Object, java.lang.Object, java.lang.Object, java.lang.Object, java.lang.Object, java.lang.Object, java.lang.Object, java.lang.Object)'> (0x00000000cb58ac30) 
thrown [s\open\src\hotspot\share\interpreter\linkResolver.cpp, line 774]
Event: 23.193 Thread 0x000001ffb4f071a0 Exception <a 'java/lang/IncompatibleClassChangeError'{0x00000000ca8aade8}: Found class java.lang.Object, but interface was expected> (0x00000000ca8aade8) 
thrown [s\open\src\hotspot\share\interpreter\linkResolver.cpp, line 841]
Event: 23.380 Thread 0x000001ffb4f071a0 Exception <a 'java/lang/NoSuchMethodError'{0x00000000ca634f78}: 'void java.lang.invoke.DirectMethodHandle$Holder.invokeVirtual(java.lang.Object, java.lang.Object, long)'> (0x00000000ca634f78) 
thrown [s\open\src\hotspot\share\interpreter\linkResolver.cpp, line 774]
Event: 23.730 Thread 0x000001ffb4f071a0 Exception <a 'java/lang/NoSuchMethodError'{0x00000000cba73af8}: 'int java.lang.invoke.DirectMethodHandle$Holder.invokeStaticInit(java.lang.Object, java.lang.Object, java.lang.Object, java.lang.Object)'> (0x00000000cba73af8) 
thrown [s\open\src\hotspot\share\interpreter\linkResolver.cpp, line 774]
Event: 23.834 Thread 0x000001ffb4f071a0 Exception <a 'java/lang/IncompatibleClassChangeError'{0x00000000cb744290}: Found class java.lang.Object, but interface was expected> (0x00000000cb744290) 
thrown [s\open\src\hotspot\share\interpreter\linkResolver.cpp, line 841]
Event: 23.873 Thread 0x000001ffb4f071a0 Implicit null exception at 0x000001ffc6fade68 to 0x000001ffc6fae0b8
Event: 24.164 Thread 0x000001ffb4f071a0 Exception <a 'java/lang/NoSuchMethodError'{0x00000000cb36a5b8}: 'java.lang.Object java.lang.invoke.DirectMethodHandle$Holder.newInvokeSpecial(java.lang.Object, java.lang.Object, int, java.lang.Object, java.lang.Object)'> (0x00000000cb36a5b8) 
thrown [s\open\src\hotspot\share\interpreter\linkResolver.cpp, line 774]
Event: 24.168 Thread 0x000001ffb4f071a0 Exception <a 'java/lang/NoSuchMethodError'{0x00000000cb375548}: 'java.lang.Object java.lang.invoke.DirectMethodHandle$Holder.invokeSpecial(java.lang.Object, java.lang.Object, int, java.lang.Object, int, java.lang.Object)'> (0x00000000cb375548) 
thrown [s\open\src\hotspot\share\interpreter\linkResolver.cpp, line 774]
Event: 24.169 Thread 0x000001ffb4f071a0 Exception <a 'java/lang/NoSuchMethodError'{0x00000000cb37c788}: 'java.lang.Object java.lang.invoke.DirectMethodHandle$Holder.newInvokeSpecial(java.lang.Object, java.lang.Object, int, java.lang.Object, int)'> (0x00000000cb37c788) 
thrown [s\open\src\hotspot\share\interpreter\linkResolver.cpp, line 774]
Event: 24.170 Thread 0x000001ffb4f071a0 Exception <a 'java/lang/NoSuchMethodError'{0x00000000cb380608}: 'java.lang.Object java.lang.invoke.DirectMethodHandle$Holder.invokeSpecial(java.lang.Object, java.lang.Object, java.lang.Object, int, java.lang.Object, int)'> (0x00000000cb380608) 
thrown [s\open\src\hotspot\share\interpreter\linkResolver.cpp, line 774]

ZGC Phase Switch (0 events):
No events

VM Operations (20 events):
Event: 21.234 Executing VM operation: G1PauseCleanup
Event: 21.234 Executing VM operation: G1PauseCleanup done
Event: 21.290 Executing VM operation: HandshakeAllThreads (Deoptimize)
Event: 21.290 Executing VM operation: HandshakeAllThreads (Deoptimize) done
Event: 21.307 Executing VM operation: HandshakeAllThreads (Deoptimize)
Event: 21.307 Executing VM operation: HandshakeAllThreads (Deoptimize) done
Event: 22.310 Executing VM operation: Cleanup
Event: 22.310 Executing VM operation: Cleanup done
Event: 22.347 Executing VM operation: HandshakeAllThreads (Deoptimize)
Event: 22.347 Executing VM operation: HandshakeAllThreads (Deoptimize) done
Event: 22.610 Executing VM operation: HandshakeAllThreads (Deoptimize)
Event: 22.610 Executing VM operation: HandshakeAllThreads (Deoptimize) done
Event: 23.528 Executing VM operation: HandshakeAllThreads (Deoptimize)
Event: 23.528 Executing VM operation: HandshakeAllThreads (Deoptimize) done
Event: 23.528 Executing VM operation: Cleanup
Event: 23.528 Executing VM operation: Cleanup done
Event: 23.575 Executing VM operation: G1CollectForAllocation (G1 Evacuation Pause)
Event: 23.590 Executing VM operation: G1CollectForAllocation (G1 Evacuation Pause) done
Event: 24.590 Executing VM operation: Cleanup
Event: 24.590 Executing VM operation: Cleanup done

Events (20 events):
Event: 21.194 Thread 0x000001ffb712e150 flushing nmethod 0x000001ffbf9df610
Event: 21.194 Thread 0x000001ffb712e150 flushing nmethod 0x000001ffbf9e0590
Event: 21.194 Thread 0x000001ffb712e150 flushing nmethod 0x000001ffbfac9310
Event: 21.194 Thread 0x000001ffb712e150 flushing nmethod 0x000001ffbfaca490
Event: 21.194 Thread 0x000001ffb712e150 flushing nmethod 0x000001ffbfafba10
Event: 21.503 Thread 0x00000200185c7f70 Thread exited: 0x00000200185c7f70
Event: 24.199 Thread 0x00000200185c6bc0 Thread added: 0x00000200185c6bc0
Event: 24.200 Thread 0x00000200185c9320 Thread added: 0x00000200185c9320
Event: 24.200 Thread 0x00000200185c7f70 Thread added: 0x00000200185c7f70
Event: 24.200 Thread 0x00000200185c99b0 Thread added: 0x00000200185c99b0
Event: 24.200 Thread 0x00000200185c6530 Thread added: 0x00000200185c6530
Event: 24.201 Thread 0x000002001a1fecf0 Thread added: 0x000002001a1fecf0
Event: 24.201 Thread 0x000002001a201ae0 Thread added: 0x000002001a201ae0
Event: 24.201 Thread 0x000002001a1fe660 Thread added: 0x000002001a1fe660
Event: 24.201 Thread 0x000002001a200dc0 Thread added: 0x000002001a200dc0
Event: 24.202 Thread 0x000002001a201450 Thread added: 0x000002001a201450
Event: 24.254 Thread 0x000002001a1ffa10 Thread added: 0x000002001a1ffa10
Event: 24.261 Thread 0x000002001a1ff380 Thread added: 0x000002001a1ff380
Event: 24.348 Thread 0x000001ffb4f071a0 Thread exited: 0x000001ffb4f071a0
Event: 24.348 Thread 0x000002001a2000a0 Thread added: 0x000002001a2000a0


Dynamic libraries:
0x00007ff7d7bd0000 - 0x00007ff7d7be0000 	C:\Program Files\Java\jdk-22\bin\java.exe
0x00007ffb3b490000 - 0x00007ffb3b685000 	C:\WINDOWS\SYSTEM32\ntdll.dll
0x00007ffb3a410000 - 0x00007ffb3a4cd000 	C:\WINDOWS\System32\KERNEL32.DLL
0x00007ffb38e80000 - 0x00007ffb3914d000 	C:\WINDOWS\System32\KERNELBASE.dll
0x00007ffb394d0000 - 0x00007ffb395d0000 	C:\WINDOWS\System32\ucrtbase.dll
0x00007ffb32d00000 - 0x00007ffb32d17000 	C:\Program Files\Java\jdk-22\bin\jli.dll
0x00007ffb32c60000 - 0x00007ffb32c7b000 	C:\Program Files\Java\jdk-22\bin\VCRUNTIME140.dll
0x00007ffb3a500000 - 0x00007ffb3a5ae000 	C:\WINDOWS\System32\ADVAPI32.dll
0x00007ffb3a8e0000 - 0x00007ffb3a97e000 	C:\WINDOWS\System32\msvcrt.dll
0x00007ffb3a290000 - 0x00007ffb3a32c000 	C:\WINDOWS\System32\sechost.dll
0x00007ffb3a750000 - 0x00007ffb3a875000 	C:\WINDOWS\System32\RPCRT4.dll
0x00007ffb3aa90000 - 0x00007ffb3ac30000 	C:\WINDOWS\System32\USER32.dll
0x00007ffb392a0000 - 0x00007ffb392c2000 	C:\WINDOWS\System32\win32u.dll
0x00007ffb2aad0000 - 0x00007ffb2ad6a000 	C:\WINDOWS\WinSxS\amd64_microsoft.windows.common-controls_6595b64144ccf1df_6.0.19041.1110_none_60b5254171f9507e\COMCTL32.dll
0x00007ffb3a4d0000 - 0x00007ffb3a4fa000 	C:\WINDOWS\System32\GDI32.dll
0x00007ffb38ce0000 - 0x00007ffb38deb000 	C:\WINDOWS\System32\gdi32full.dll
0x00007ffb39430000 - 0x00007ffb394cd000 	C:\WINDOWS\System32\msvcp_win.dll
0x00007ffb31080000 - 0x00007ffb3108a000 	C:\WINDOWS\SYSTEM32\VERSION.dll
0x00007ffb3aa60000 - 0x00007ffb3aa90000 	C:\WINDOWS\System32\IMM32.DLL
0x00007ffb32f70000 - 0x00007ffb32f7c000 	C:\Program Files\Java\jdk-22\bin\vcruntime140_1.dll
0x00007ffaceeb0000 - 0x00007ffacef3e000 	C:\Program Files\Java\jdk-22\bin\msvcp140.dll
0x00007ffab2e40000 - 0x00007ffab3b88000 	C:\Program Files\Java\jdk-22\bin\server\jvm.dll
0x00007ffb3a5b0000 - 0x00007ffb3a61b000 	C:\WINDOWS\System32\WS2_32.dll
0x00007ffb30760000 - 0x00007ffb30787000 	C:\WINDOWS\SYSTEM32\WINMM.dll
0x00007ffb38a50000 - 0x00007ffb38a9b000 	C:\WINDOWS\SYSTEM32\POWRPROF.dll
0x00007ffb38a30000 - 0x00007ffb38a42000 	C:\WINDOWS\SYSTEM32\UMPDC.dll
0x00007ffb36b90000 - 0x00007ffb36ba2000 	C:\WINDOWS\SYSTEM32\kernel.appcore.dll
0x00007ffb2f390000 - 0x00007ffb2f39a000 	C:\Program Files\Java\jdk-22\bin\jimage.dll
0x00007ffb25260000 - 0x00007ffb25444000 	C:\WINDOWS\SYSTEM32\DBGHELP.DLL
0x00007ffb245c0000 - 0x00007ffb245ec000 	C:\WINDOWS\SYSTEM32\dbgcore.DLL
0x00007ffb38df0000 - 0x00007ffb38e72000 	C:\WINDOWS\System32\bcryptPrimitives.dll
0x00007ffb35790000 - 0x00007ffb3579f000 	C:\Program Files\Java\jdk-22\bin\instrument.dll
0x00007ffb299e0000 - 0x00007ffb299fe000 	C:\Program Files\Java\jdk-22\bin\java.dll
0x00007ffb3ac30000 - 0x00007ffb3b374000 	C:\WINDOWS\System32\SHELL32.dll
0x00007ffb3a620000 - 0x00007ffb3a74a000 	C:\WINDOWS\System32\ole32.dll
0x00007ffb398a0000 - 0x00007ffb39bf4000 	C:\WINDOWS\System32\combase.dll
0x00007ffb36d90000 - 0x00007ffb37524000 	C:\WINDOWS\SYSTEM32\windows.storage.dll
0x00007ffb38680000 - 0x00007ffb386ac000 	C:\WINDOWS\SYSTEM32\Wldp.dll
0x00007ffb3b3a0000 - 0x00007ffb3b44d000 	C:\WINDOWS\System32\SHCORE.dll
0x00007ffb39c00000 - 0x00007ffb39c55000 	C:\WINDOWS\System32\shlwapi.dll
0x00007ffb38bd0000 - 0x00007ffb38bef000 	C:\WINDOWS\SYSTEM32\profapi.dll
0x00007ffac31c0000 - 0x00007ffac3297000 	C:\Program Files\Java\jdk-22\bin\jsvml.dll
0x00007ffb29790000 - 0x00007ffb297a7000 	C:\Program Files\Java\jdk-22\bin\zip.dll
0x00007ffb29990000 - 0x00007ffb299a0000 	C:\Program Files\Java\jdk-22\bin\net.dll
0x00007ffb38380000 - 0x00007ffb383ea000 	C:\WINDOWS\system32\mswsock.dll
0x00007ffb29970000 - 0x00007ffb29986000 	C:\Program Files\Java\jdk-22\bin\nio.dll
0x00007ffb33560000 - 0x00007ffb3357a000 	C:\Program Files\JetBrains\IntelliJ IDEA Community Edition 2023.3.6\bin\breakgen64.dll
0x00007ffb29780000 - 0x00007ffb29789000 	C:\Program Files\Java\jdk-22\bin\extnet.dll
0x00007ffb317b0000 - 0x00007ffb317bb000 	C:\Program Files\Java\jdk-22\bin\le.dll
0x00007ffb32ad0000 - 0x00007ffb32ade000 	C:\Program Files\Java\jdk-22\bin\sunmscapi.dll
0x00007ffb392d0000 - 0x00007ffb39426000 	C:\WINDOWS\System32\CRYPT32.dll
0x00007ffb386f0000 - 0x00007ffb38717000 	C:\WINDOWS\SYSTEM32\ncrypt.dll
0x00007ffb386b0000 - 0x00007ffb386eb000 	C:\WINDOWS\SYSTEM32\NTASN1.dll
0x00007ffb38570000 - 0x00007ffb38588000 	C:\WINDOWS\SYSTEM32\CRYPTSP.dll
0x00007ffb37d00000 - 0x00007ffb37d34000 	C:\WINDOWS\system32\rsaenh.dll
0x00007ffb39150000 - 0x00007ffb39177000 	C:\WINDOWS\System32\bcrypt.dll
0x00007ffb38b90000 - 0x00007ffb38bbe000 	C:\WINDOWS\SYSTEM32\USERENV.dll
0x00007ffb38590000 - 0x00007ffb3859c000 	C:\WINDOWS\SYSTEM32\CRYPTBASE.dll
0x00007ffb38070000 - 0x00007ffb380ab000 	C:\WINDOWS\SYSTEM32\IPHLPAPI.DLL
0x00007ffb39c60000 - 0x00007ffb39c68000 	C:\WINDOWS\System32\NSI.dll
0x00007ffb33550000 - 0x00007ffb3355a000 	C:\Program Files\Java\jdk-22\bin\management.dll
0x00007ffb32ae0000 - 0x00007ffb32aeb000 	C:\Program Files\Java\jdk-22\bin\management_ext.dll
0x00007ffb3a1a0000 - 0x00007ffb3a1a8000 	C:\WINDOWS\System32\PSAPI.DLL
0x00007ffb29610000 - 0x00007ffb29620000 	C:\Program Files\Java\jdk-22\bin\verify.dll
0x00007ffb380b0000 - 0x00007ffb3817b000 	C:\WINDOWS\SYSTEM32\DNSAPI.dll
0x00007ffb28190000 - 0x00007ffb2819a000 	C:\Windows\System32\rasadhlp.dll
0x00007ffb2f910000 - 0x00007ffb2f990000 	C:\WINDOWS\System32\fwpuclnt.dll
0x00007ffb28510000 - 0x00007ffb28517000 	C:\WINDOWS\system32\wshunix.dll

dbghelp: loaded successfully - version: 4.0.5 - missing functions: none
symbol engine: initialized successfully - sym options: 0x614 - pdb path: .;C:\Program Files\Java\jdk-22\bin;C:\WINDOWS\SYSTEM32;C:\WINDOWS\WinSxS\amd64_microsoft.windows.common-controls_6595b64144ccf1df_6.0.19041.1110_none_60b5254171f9507e;C:\Program Files\Java\jdk-22\bin\server;C:\Program Files\JetBrains\IntelliJ IDEA Community Edition 2023.3.6\bin

VM Arguments:
jvm_args: -javaagent:C:\Program Files\JetBrains\IntelliJ IDEA Community Edition 2023.3.6\lib\idea_rt.jar=61965:C:\Program Files\JetBrains\IntelliJ IDEA Community Edition 2023.3.6\bin -Dfile.encoding=UTF-8 -Dsun.stdout.encoding=UTF-8 -Dsun.stderr.encoding=UTF-8 
java_command: com.israr.husain.StaffApplication.StaffApplication
java_class_path (initial): E:\Staff-Application\Staff-Application\target\classes;C:\Users\Allcom\.m2\repository\org\springframework\boot\spring-boot-starter-data-jpa\3.2.5\spring-boot-starter-data-jpa-3.2.5.jar;C:\Users\Allcom\.m2\repository\org\springframework\boot\spring-boot-starter-aop\3.2.5\spring-boot-starter-aop-3.2.5.jar;C:\Users\Allcom\.m2\repository\org\springframework\spring-aop\6.1.6\spring-aop-6.1.6.jar;C:\Users\Allcom\.m2\repository\org\aspectj\aspectjweaver\1.9.22\aspectjweaver-1.9.22.jar;C:\Users\Allcom\.m2\repository\org\springframework\boot\spring-boot-starter-jdbc\3.2.5\spring-boot-starter-jdbc-3.2.5.jar;C:\Users\Allcom\.m2\repository\com\zaxxer\HikariCP\5.0.1\HikariCP-5.0.1.jar;C:\Users\Allcom\.m2\repository\org\springframework\spring-jdbc\6.1.6\spring-jdbc-6.1.6.jar;C:\Users\Allcom\.m2\repository\org\hibernate\orm\hibernate-core\6.4.4.Final\hibernate-core-6.4.4.Final.jar;C:\Users\Allcom\.m2\repository\jakarta\persistence\jakarta.persistence-api\3.1.0\jakarta.persistence-api-3.1.0.jar;C:\Users\Allcom\.m2\repository\jakarta\transaction\jakarta.transaction-api\2.0.1\jakarta.transaction-api-2.0.1.jar;C:\Users\Allcom\.m2\repository\org\jboss\logging\jboss-logging\3.5.3.Final\jboss-logging-3.5.3.Final.jar;C:\Users\Allcom\.m2\repository\org\hibernate\common\hibernate-commons-annotations\6.0.6.Final\hibernate-commons-annotations-6.0.6.Final.jar;C:\Users\Allcom\.m2\repository\io\smallrye\jandex\3.1.2\jandex-3.1.2.jar;C:\Users\Allcom\.m2\repository\com\fasterxml\classmate\1.6.0\classmate-1.6.0.jar;C:\Users\Allcom\.m2\repository\net\bytebuddy\byte-buddy\1.14.13\byte-buddy-1.14.13.jar;C:\Users\Allcom\.m2\repository\org\glassfish\jaxb\jaxb-runtime\4.0.5\jaxb-runtime-4.0.5.jar;C:\Users\Allcom\.m2\repository\org\glassfish\jaxb\jaxb-core\4.0.5\jaxb-core-4.0.5.jar;C:\Users\Allcom\.m2\repository\org\eclipse\angus\angus-activation\2.0.2\angus-activation-2.0.2.jar;C:\Users\Allcom\.m2\repository\org\glassfish\jaxb\txw2\4.0.5\txw2-4.0.5.jar;C:\Users\Allcom\.m2\repository\com\sun\istack\istack-commons-runtime\4.1.2\istack-commons-runtime-4.1.2.jar;C:\Users\Allcom\.m2\repository\jakarta\inject\jakarta.inject-api\2.0.1\jakarta.inject-api-2.0.1.jar;C:\Users\Allcom\.m2\repository\org\antlr\antlr4-runtime\4.13.0\antlr4-runtime-4.13.0.jar;C:\Users\Allcom\.m2\repository\org\springframework\data\spring-data-jpa\3.2.5\spring-data-jpa-3.2.5.jar;C:\Users\Allcom\.m2\repository\org\springframework\data\spring-data-commons\3.2.5\spring-data-commons-3.2.5.jar;C:\Users\Allcom\.m2\repository\org\springframework\spring-orm\6.1.6\spring-orm-6.1.6.jar;C:\Users\Allcom\.m2\repository\org\springframework\spring-context\6.1.6\spring-context-6.1.6.jar;C:\Users\Allcom\.m2\repository\org\springframework\spring-tx\6.1.6\spring-tx-6.1.6.jar;C:\Users\Allcom\.m2\repository\org\springframework\spring-beans\6.1.6\spring-beans-6.1.6.jar;C:\Users\Allcom\.m2\repository\jakarta\annotation\jakarta.annotation-api\2.1.1\jakarta.annotation-api-2.1.1.jar;C:\Users\Allcom\.m2\repository\org\slf4j\slf4j-api\2.0.13\slf4j-api-2.0.13.jar;C:\Users\Allcom\.m2\repository\org\springframework\spring-aspects\6.1.6\spring-aspects-6.1.6.jar;C:\Users\Allcom\.m2\repository\org\springframework\boot\spring-boot-starter-web\3.2.5\spring-boot-starter-web-3.2.5.jar;C:\Users\Allcom\.m2\repository\org\springframework\boot\spring-boot-starter\3.2.5\spring-boot-starter-3.2.5.jar;C:\Users\Allcom\.m2\repository\org\springframework\boot\spring-boot\3.2.5\spring-boot-3.2.5.jar;C:\Users\Allcom\.m2\repository\org\springframework\boot\spring-boot-autoconfigure\3.2.5\spring-boot-autoconfigure-3.2.5.jar;C:\Users\Allcom\.m2\repository\org\springframework\boot\spring-boot-starter-logging\3.2.5\spring-boot-starter-logging-3.2.5.jar;C:\Users\Allcom\.m2\repository\ch\qos\logback\logback-classic\1.4.14\logback-classic-1.4.14.jar;C:\Users\Allcom\.m2\repository\ch\qos\logback\logback-core\1.4.14\logback-core-1.4.14.jar;C:\Users\Allcom\.m2\repository\org\apache\logging\log4j\log4j-to-slf4j\2.21.1\log4j-to-slf4j-2.21.1.jar;C:\Users\Allcom\.m2\repository\org\apache\logging\log4j\log4j-api\2.21.1\log4j-api-2.21.1.jar;C:\Users\Allcom\.m2\repository\org\slf4j\jul-to-slf4j\2.0.13\jul-to-slf4j-2.0.13.jar;C:\Users\Allcom\.m2\repository\org\yaml\snakeyaml\2.2\snakeyaml-2.2.jar;C:\Users\Allcom\.m2\repository\org\springframework\boot\spring-boot-starter-json\3.2.5\spring-boot-starter-json-3.2.5.jar;C:\Users\Allcom\.m2\repository\com\fasterxml\jackson\core\jackson-databind\2.15.4\jackson-databind-2.15.4.jar;C:\Users\Allcom\.m2\repository\com\fasterxml\jackson\core\jackson-annotations\2.15.4\jackson-annotations-2.15.4.jar;C:\Users\Allcom\.m2\repository\com\fasterxml\jackson\core\jackson-core\2.15.4\jackson-core-2.15.4.jar;C:\Users\Allcom\.m2\repository\com\fasterxml\jackson\datatype\jackson-datatype-jdk8\2.15.4\jackson-datatype-jdk8-2.15.4.jar;C:\Users\Allcom\.m2\repository\com\fasterxml\jackson\datatype\jackson-datatype-jsr310\2.15.4\jackson-datatype-jsr310-2.15.4.jar;C:\Users\Allcom\.m2\repository\com\fasterxml\jackson\module\jackson-module-parameter-names\2.15.4\jackson-module-parameter-names-2.15.4.jar;C:\Users\Allcom\.m2\repository\org\springframework\boot\spring-boot-starter-tomcat\3.2.5\spring-boot-starter-tomcat-3.2.5.jar;C:\Users\Allcom\.m2\repository\org\apache\tomcat\embed\tomcat-embed-core\10.1.20\tomcat-embed-core-10.1.20.jar;C:\Users\Allcom\.m2\repository\org\apache\tomcat\embed\tomcat-embed-el\10.1.20\tomcat-embed-el-10.1.20.jar;C:\Users\Allcom\.m2\repository\org\apache\tomcat\embed\tomcat-embed-websocket\10.1.20\tomcat-embed-websocket-10.1.20.jar;C:\Users\Allcom\.m2\repository\org\springframework\spring-web\6.1.6\spring-web-6.1.6.jar;C:\Users\Allcom\.m2\repository\io\micrometer\micrometer-observation\1.12.5\micrometer-observation-1.12.5.jar;C:\Users\Allcom\.m2\repository\io\micrometer\micrometer-commons\1.12.5\micrometer-commons-1.12.5.jar;C:\Users\Allcom\.m2\repository\org\springframework\spring-webmvc\6.1.6\spring-webmvc-6.1.6.jar;C:\Users\Allcom\.m2\repository\org\springframework\spring-expression\6.1.6\spring-expression-6.1.6.jar;C:\Users\Allcom\.m2\repository\org\modelmapper\modelmapper\3.0.0\modelmapper-3.0.0.jar;C:\Users\Allcom\.m2\repository\com\mysql\mysql-connector-j\8.3.0\mysql-connector-j-8.3.0.jar;C:\Users\Allcom\.m2\repository\org\projectlombok\lombok\1.18.32\lombok-1.18.32.jar;C:\Users\Allcom\.m2\repository\jakarta\xml\bind\jakarta.xml.bind-api\4.0.2\jakarta.xml.bind-api-4.0.2.jar;C:\Users\Allcom\.m2\repository\jakarta\activation\jakarta.activation-api\2.1.3\jakarta.activation-api-2.1.3.jar;C:\Users\Allcom\.m2\repository\org\springframework\spring-core\6.1.6\spring-core-6.1.6.jar;C:\Users\Allcom\.m2\repository\org\springframework\spring-jcl\6.1.6\spring-jcl-6.1.6.jar
Launcher Type: SUN_STANDARD

[Global flags]
     intx CICompilerCount                          = 3                                         {product} {ergonomic}
     uint ConcGCThreads                            = 1                                         {product} {ergonomic}
     uint G1ConcRefinementThreads                  = 4                                         {product} {ergonomic}
   size_t G1HeapRegionSize                         = 1048576                                   {product} {ergonomic}
   size_t InitialHeapSize                          = 58720256                                  {product} {ergonomic}
   size_t MarkStackSize                            = 4194304                                   {product} {ergonomic}
   size_t MaxHeapSize                              = 931135488                                 {product} {ergonomic}
   size_t MaxNewSize                               = 557842432                                 {product} {ergonomic}
   size_t MinHeapDeltaBytes                        = 1048576                                   {product} {ergonomic}
   size_t MinHeapSize                              = 8388608                                   {product} {ergonomic}
    uintx NonNMethodCodeHeapSize                   = 5832780                                {pd product} {ergonomic}
    uintx NonProfiledCodeHeapSize                  = 122912730                              {pd product} {ergonomic}
    uintx ProfiledCodeHeapSize                     = 122912730                              {pd product} {ergonomic}
    uintx ReservedCodeCacheSize                    = 251658240                              {pd product} {ergonomic}
     bool SegmentedCodeCache                       = true                                      {product} {ergonomic}
   size_t SoftMaxHeapSize                          = 931135488                              {manageable} {ergonomic}
     bool UseCompressedOops                        = true                           {product lp64_product} {ergonomic}
     bool UseG1GC                                  = true                                      {product} {ergonomic}
     bool UseLargePagesIndividualAllocation        = false                                  {pd product} {ergonomic}

Logging:
Log output configuration:
 #0: stdout all=warning uptime,level,tags foldmultilines=false
 #1: stderr all=off uptime,level,tags foldmultilines=false

Environment Variables:
JAVA_HOME=C:\Program Files\Java\jdk-22
PATH=C:\Program Files\Java\jdk-22\bin;C:\Program Files\nodejs\;C:\Program Files\apache-maven-3.9.6\bin;C:\Program Files\MySQL\MySQL Workbench 8.0 CE;C:\Program Files\MySQL\MySQL Utilities 1.6\;C:\Windows\System32;C:\Program Files\MySQL\MySQL Server 8.3\bin;C:\Program Files\Git\cmd;C:\Program Files\Git\bin;%SystemRoot%\system32;%SystemRoot%;%SystemRoot%\System32\Wbem;%SYSTEMROOT%\System32\WindowsPowerShell\v1.0\;%SYSTEMROOT%\System32\OpenSSH\;;C:\Users\Allcom\AppData\Local\Programs\Microsoft VS Code\bin;C:\Users\Allcom\AppData\Roaming\npm;C:\Program Files\JetBrains\IntelliJ IDEA Community Edition 2023.3.6\bin;;C:\Program Files\MySQL\MySQL Workbench 8.0 CE;C:\Users\Allcom\AppData\Local\Microsoft\WindowsApps
USERNAME=Allcom
OS=Windows_NT
PROCESSOR_IDENTIFIER=AMD64 Family 22 Model 48 Stepping 1, AuthenticAMD
TMP=C:\Users\Allcom\AppData\Local\Temp
TEMP=C:\Users\Allcom\AppData\Local\Temp




Periodic native trim disabled

---------------  S Y S T E M  ---------------

OS:
 Windows 10 , 64 bit Build 19041 (10.0.19041.1706)
OS uptime: 1 days 19:46 hours

CPU: total 4 (initial active 4) (4 cores per cpu, 1 threads per core) family 22 model 48 stepping 1 microcode 0x0, cx8, cmov, fxsr, mmx, 3dnowpref, sse, sse2, sse3, ssse3, sse4a, sse4.1, sse4.2, popcnt, lzcnt, tsc, tscinvbit, avx, aes, clmul, bmi1, vzeroupper, clflush, rdtscp, f16c
Processor Information for all 4 processors :
  Max Mhz: 2000, Current Mhz: 2000, Mhz Limit: 2000

Memory: 4k page, system-wide physical 3550M (151M free)
TotalPageFile size 10062M (AvailPageFile size 0M)
current process WorkingSet (physical memory assigned to process): 176M, peak: 229M
current process commit charge ("private bytes"): 253M, peak: 258M

vm_info: Java HotSpot(TM) 64-Bit Server VM (22+36-2370) for windows-amd64 JRE (22+36-2370), built on 2024-02-15T22:15:19Z by "mach5one" with MS VC++ 17.6 (VS2022)

END.
